<?xml version="1.0" encoding="UTF-8"?>
<robot generator="Robot 4.1.3 (Python 3.8.10 on win32)" generated="20220319 12:00:19.307" rpa="false" schemaversion="2">
<suite id="s1" name="Validlogin" source="C:\Users\araba\PycharmProjects\Robotframework Jan_22\Validlogin.robot">
<test id="s1-t1" name="Valid login test">
<kw name="Login test">
<arg>${SIGN_IN_LINK}</arg>
<arg>arabataofikolasile@gmail.com</arg>
<arg>Farayola</arg>
<arg>${LOGINBUTTON}</arg>
<arg>Taofik Araba</arg>
<kw name="Open Browser" library="SeleniumLibrary">
<arg>http://automationpractice.com/index.php?</arg>
<arg>chrome</arg>
<doc>Opens a new browser instance to the optional ``url``.</doc>
<msg timestamp="20220319 12:00:19.492" level="INFO">Opening browser 'chrome' to base url 'http://automationpractice.com/index.php?'.</msg>
<status status="PASS" starttime="20220319 12:00:19.492" endtime="20220319 12:00:25.827"/>
</kw>
<kw name="Click Element" library="SeleniumLibrary">
<arg>class:login</arg>
<doc>Click the element identified by ``locator``.</doc>
<msg timestamp="20220319 12:00:25.827" level="INFO">Clicking element 'class:login'.</msg>
<status status="PASS" starttime="20220319 12:00:25.827" endtime="20220319 12:00:27.886"/>
</kw>
<kw name="Input Text" library="SeleniumLibrary">
<arg>id:email</arg>
<arg>${username_email}</arg>
<doc>Types the given ``text`` into the text field identified by ``locator``.</doc>
<msg timestamp="20220319 12:00:27.887" level="INFO">Typing text 'arabataofikolasile@gmail.com' into text field 'id:email'.</msg>
<status status="PASS" starttime="20220319 12:00:27.887" endtime="20220319 12:00:27.969"/>
</kw>
<kw name="Input Text" library="SeleniumLibrary">
<arg>id:passwd</arg>
<arg>${password}</arg>
<doc>Types the given ``text`` into the text field identified by ``locator``.</doc>
<msg timestamp="20220319 12:00:27.970" level="INFO">Typing text 'Farayola' into text field 'id:passwd'.</msg>
<status status="PASS" starttime="20220319 12:00:27.970" endtime="20220319 12:00:28.037"/>
</kw>
<kw name="Click Element" library="SeleniumLibrary">
<arg>xpath://*[@id="SubmitLogin"]/span</arg>
<doc>Click the element identified by ``locator``.</doc>
<msg timestamp="20220319 12:00:28.038" level="INFO">Clicking element 'xpath://*[@id="SubmitLogin"]/span'.</msg>
<status status="PASS" starttime="20220319 12:00:28.037" endtime="20220319 12:00:33.167"/>
</kw>
<kw name="Page Should Contain" library="SeleniumLibrary">
<arg>${signed_inuser}</arg>
<doc>Verifies that current page contains ``text``.</doc>
<msg timestamp="20220319 12:00:33.185" level="INFO">Current page contains text 'Taofik Araba'.</msg>
<status status="PASS" starttime="20220319 12:00:33.167" endtime="20220319 12:00:33.185"/>
</kw>
<status status="PASS" starttime="20220319 12:00:19.492" endtime="20220319 12:00:33.185"/>
</kw>
<tag>Ola</tag>
<status status="PASS" starttime="20220319 12:00:19.492" endtime="20220319 12:00:33.187"/>
</test>
<kw name="Close All Browsers" library="SeleniumLibrary" type="TEARDOWN">
<doc>Closes all open browsers and resets the browser cache.</doc>
<status status="PASS" starttime="20220319 12:00:33.192" endtime="20220319 12:00:35.305"/>
</kw>
<doc>Basic robotfarmework tests</doc>
<status status="PASS" starttime="20220319 12:00:19.307" endtime="20220319 12:00:35.305"/>
</suite>
<statistics>
<total>
<stat pass="1" fail="0" skip="0">All Tests</stat>
</total>
<tag>
<stat pass="1" fail="0" skip="0">Ola</stat>
</tag>
<suite>
<stat pass="1" fail="0" skip="0" id="s1" name="Validlogin">Validlogin</stat>
</suite>
</statistics>
<errors>
</errors>
</robot>
