<?xml version="1.0" encoding="UTF-8"?>
<robot generator="Robot 4.1.3 (Python 3.8.10 on win32)" generated="20220319 14:29:24.755" rpa="false" schemaversion="2">
<suite id="s1" name="Forgot Password" source="C:\Users\araba\PycharmProjects\Robotframework Jan_22\forgot_password.robot">
<kw name="Navigate to login page" library="project_keywords" type="SETUP">
<kw name="Open Browser" library="SeleniumLibrary">
<arg>http://automationpractice.com/index.php?</arg>
<arg>chrome</arg>
<doc>Opens a new browser instance to the optional ``url``.</doc>
<msg timestamp="20220319 14:29:24.916" level="INFO">Opening browser 'chrome' to base url 'http://automationpractice.com/index.php?'.</msg>
<status status="PASS" starttime="20220319 14:29:24.916" endtime="20220319 14:29:29.749"/>
</kw>
<kw name="Wait Until Element Is Visible" library="SeleniumLibrary">
<arg>${SIGN_IN_LINK}</arg>
<arg>10s</arg>
<doc>Waits until the element ``locator`` is visible.</doc>
<status status="PASS" starttime="20220319 14:29:29.749" endtime="20220319 14:29:29.769"/>
</kw>
<kw name="Click Element" library="SeleniumLibrary">
<arg>${SIGN_IN_LINK}</arg>
<doc>Click the element identified by ``locator``.</doc>
<msg timestamp="20220319 14:29:29.770" level="INFO">Clicking element 'class:login'.</msg>
<status status="PASS" starttime="20220319 14:29:29.769" endtime="20220319 14:29:31.845"/>
</kw>
<status status="PASS" starttime="20220319 14:29:24.916" endtime="20220319 14:29:31.845"/>
</kw>
<test id="s1-t1" name="User Should be able to retireve password">
<kw name="Select forgot password link" library="project_keywords">
<kw name="Wait Until Element Is Visible" library="SeleniumLibrary">
<arg>${FORGOT_PASSWORD_LINK}</arg>
<arg>10s</arg>
<doc>Waits until the element ``locator`` is visible.</doc>
<status status="PASS" starttime="20220319 14:29:31.846" endtime="20220319 14:29:31.868"/>
</kw>
<kw name="Click Element" library="SeleniumLibrary">
<arg>${FORGOT_PASSWORD_LINK}</arg>
<doc>Click the element identified by ``locator``.</doc>
<msg timestamp="20220319 14:29:31.869" level="INFO">Clicking element 'xpath://*[@id="login_form"]/div/p[1]/a'.</msg>
<status status="PASS" starttime="20220319 14:29:31.868" endtime="20220319 14:29:33.036"/>
</kw>
<status status="PASS" starttime="20220319 14:29:31.846" endtime="20220319 14:29:33.036"/>
</kw>
<kw name="Enter email to retrieve password" library="project_keywords">
<arg>arabataofikolasile@gmail.com</arg>
<kw name="Wait Until Element Is Visible" library="SeleniumLibrary">
<arg>${FORGOT_PASSWORD_EMAIL}</arg>
<arg>10s</arg>
<doc>Waits until the element ``locator`` is visible.</doc>
<status status="PASS" starttime="20220319 14:29:33.037" endtime="20220319 14:29:33.050"/>
</kw>
<kw name="Input Text" library="SeleniumLibrary">
<arg>${FORGOT_PASSWORD_EMAIL}</arg>
<arg>${retrieve_password_email}</arg>
<doc>Types the given ``text`` into the text field identified by ``locator``.</doc>
<msg timestamp="20220319 14:29:33.051" level="INFO">Typing text 'arabataofikolasile@gmail.com' into text field 'id:email'.</msg>
<status status="PASS" starttime="20220319 14:29:33.050" endtime="20220319 14:29:33.109"/>
</kw>
<status status="PASS" starttime="20220319 14:29:33.036" endtime="20220319 14:29:33.109"/>
</kw>
<kw name="Click retrieve button and assert success message" library="project_keywords">
<arg>A confirmation email has been sent to your address: arabataofikolasile@gmail.com</arg>
<kw name="Wait Until Element Is Visible" library="SeleniumLibrary">
<arg>${FORGOT_PASSWORD_RETRIEVE_BTN}</arg>
<arg>10s</arg>
<doc>Waits until the element ``locator`` is visible.</doc>
<status status="PASS" starttime="20220319 14:29:33.110" endtime="20220319 14:29:33.124"/>
</kw>
<kw name="Click Element" library="SeleniumLibrary">
<arg>${FORGOT_PASSWORD_RETRIEVE_BTN}</arg>
<doc>Click the element identified by ``locator``.</doc>
<msg timestamp="20220319 14:29:33.124" level="INFO">Clicking element 'xpath://*[@id="form_forgotpassword"]/fieldset/p/button/span'.</msg>
<status status="PASS" starttime="20220319 14:29:33.124" endtime="20220319 14:29:34.548"/>
</kw>
<kw name="Wait Until Page Contains" library="SeleniumLibrary">
<arg>${retrieve_password_success_message}</arg>
<doc>Waits until ``text`` appears on the current page.</doc>
<status status="PASS" starttime="20220319 14:29:34.548" endtime="20220319 14:29:34.557"/>
</kw>
<status status="PASS" starttime="20220319 14:29:33.109" endtime="20220319 14:29:34.557"/>
</kw>
<status status="PASS" starttime="20220319 14:29:31.845" endtime="20220319 14:29:34.558"/>
</test>
<kw name="Close All Browsers" library="SeleniumLibrary" type="TEARDOWN">
<doc>Closes all open browsers and resets the browser cache.</doc>
<status status="PASS" starttime="20220319 14:29:34.559" endtime="20220319 14:29:36.674"/>
</kw>
<doc>Basic robotfarmework tests</doc>
<status status="PASS" starttime="20220319 14:29:24.755" endtime="20220319 14:29:36.674"/>
</suite>
<statistics>
<total>
<stat pass="1" fail="0" skip="0">All Tests</stat>
</total>
<tag>
</tag>
<suite>
<stat pass="1" fail="0" skip="0" id="s1" name="Forgot Password">Forgot Password</stat>
</suite>
</statistics>
<errors>
</errors>
</robot>
